
> l-artefact-de-la-verite@0.1.0 build
> next build

Ôû▓ Next.js 16.1.6 (Turbopack)
- Environments: .env.local
- Experiments (use with caution):
  Ô£ô optimizeCss

  Creating an optimized production build ...
Ô£ô Compiled successfully in 3.5s
  Running TypeScript ...
  Collecting page data using 19 workers ...
  Generating static pages using 19 workers (0/6) ...
  Generating static pages using 19 workers (1/6) 
  Generating static pages using 19 workers (2/6) 
  Generating static pages using 19 workers (4/6) 
Ô£ô Generating static pages using 19 workers (6/6) in 728.9ms
  Finalizing page optimization ...

Route (app)
Ôöî Ôùï /
Ôö£ Ôùï /_not-found
Ôö£ Ôùï /robots.txt
Ôöö Ôùï /sitemap.xml


Ôùï  (Static)  prerendered as static content

